[1.034s] Invoking command in '/home/oppa-ai/AGi-ROS/src/vsc': PYTHONPATH=/home/oppa-ai/AGi-ROS/build/vsc/prefix_override:/usr/lib/python3/dist-packages/colcon_core/task/python/colcon_distutils_commands:/home/oppa-ai/AGi-ROS/install/vsc/lib/python3.10/site-packages:${PYTHONPATH} /usr/bin/python3 -W ignore:setup.py install is deprecated -W ignore:easy_install command is deprecated setup.py egg_info --egg-base ../../build/vsc build --build-base /home/oppa-ai/AGi-ROS/build/vsc/build install --record /home/oppa-ai/AGi-ROS/build/vsc/install.log --single-version-externally-managed install_data
[1.213s] running egg_info
[1.214s] writing ../../build/vsc/vsc.egg-info/PKG-INFO
[1.214s] writing dependency_links to ../../build/vsc/vsc.egg-info/dependency_links.txt
[1.214s] writing entry points to ../../build/vsc/vsc.egg-info/entry_points.txt
[1.214s] writing requirements to ../../build/vsc/vsc.egg-info/requires.txt
[1.214s] writing top-level names to ../../build/vsc/vsc.egg-info/top_level.txt
[1.215s] reading manifest file '../../build/vsc/vsc.egg-info/SOURCES.txt'
[1.216s] writing manifest file '../../build/vsc/vsc.egg-info/SOURCES.txt'
[1.216s] running build
[1.216s] running build_py
[1.216s] copying vsc/heartbeat_node.py -> /home/oppa-ai/AGi-ROS/build/vsc/build/lib/vsc
[1.216s] running install
[1.216s] running install_lib
[1.217s] copying /home/oppa-ai/AGi-ROS/build/vsc/build/lib/vsc/heartbeat_node.py -> /home/oppa-ai/AGi-ROS/install/vsc/lib/python3.10/site-packages/vsc
[1.217s] byte-compiling /home/oppa-ai/AGi-ROS/install/vsc/lib/python3.10/site-packages/vsc/heartbeat_node.py to heartbeat_node.cpython-310.pyc
[1.217s] running install_data
[1.217s] running install_egg_info
[1.218s] removing '/home/oppa-ai/AGi-ROS/install/vsc/lib/python3.10/site-packages/vsc-0.0.1-py3.10.egg-info' (and everything under it)
[1.218s] Copying ../../build/vsc/vsc.egg-info to /home/oppa-ai/AGi-ROS/install/vsc/lib/python3.10/site-packages/vsc-0.0.1-py3.10.egg-info
[1.219s] running install_scripts
[1.229s] Installing heartbeat_node script to /home/oppa-ai/AGi-ROS/install/vsc/lib/vsc
[1.229s] writing list of installed files to '/home/oppa-ai/AGi-ROS/build/vsc/install.log'
[1.242s] Invoked command in '/home/oppa-ai/AGi-ROS/src/vsc' returned '0': PYTHONPATH=/home/oppa-ai/AGi-ROS/build/vsc/prefix_override:/usr/lib/python3/dist-packages/colcon_core/task/python/colcon_distutils_commands:/home/oppa-ai/AGi-ROS/install/vsc/lib/python3.10/site-packages:${PYTHONPATH} /usr/bin/python3 -W ignore:setup.py install is deprecated -W ignore:easy_install command is deprecated setup.py egg_info --egg-base ../../build/vsc build --build-base /home/oppa-ai/AGi-ROS/build/vsc/build install --record /home/oppa-ai/AGi-ROS/build/vsc/install.log --single-version-externally-managed install_data
