[0.519s] Invoking command in '/home/oppa-ai/AGi-ROS/src/vsc': PYTHONPATH=/home/oppa-ai/AGi-ROS/build/vsc/prefix_override:/usr/lib/python3/dist-packages/colcon_core/task/python/colcon_distutils_commands:/home/oppa-ai/AGi-ROS/install/vsc/lib/python3.10/site-packages:${PYTHONPATH} /usr/bin/python3 -W ignore:setup.py install is deprecated -W ignore:easy_install command is deprecated setup.py egg_info --egg-base ../../build/vsc build --build-base /home/oppa-ai/AGi-ROS/build/vsc/build install --record /home/oppa-ai/AGi-ROS/build/vsc/install.log --single-version-externally-managed install_data
[0.763s] running egg_info
[0.763s] writing ../../build/vsc/vsc.egg-info/PKG-INFO
[0.763s] writing dependency_links to ../../build/vsc/vsc.egg-info/dependency_links.txt
[0.763s] writing entry points to ../../build/vsc/vsc.egg-info/entry_points.txt
[0.763s] writing requirements to ../../build/vsc/vsc.egg-info/requires.txt
[0.764s] writing top-level names to ../../build/vsc/vsc.egg-info/top_level.txt
[0.764s] reading manifest file '../../build/vsc/vsc.egg-info/SOURCES.txt'
[0.765s] writing manifest file '../../build/vsc/vsc.egg-info/SOURCES.txt'
[0.765s] running build
[0.765s] running build_py
[0.765s] copying vsc/heartbeat_node.py -> /home/oppa-ai/AGi-ROS/build/vsc/build/lib/vsc
[0.765s] running install
[0.765s] running install_lib
[0.766s] copying /home/oppa-ai/AGi-ROS/build/vsc/build/lib/vsc/heartbeat_node.py -> /home/oppa-ai/AGi-ROS/install/vsc/lib/python3.10/site-packages/vsc
[0.766s] byte-compiling /home/oppa-ai/AGi-ROS/install/vsc/lib/python3.10/site-packages/vsc/heartbeat_node.py to heartbeat_node.cpython-310.pyc
[0.766s] running install_data
[0.766s] running install_egg_info
[0.767s] removing '/home/oppa-ai/AGi-ROS/install/vsc/lib/python3.10/site-packages/vsc-0.0.1-py3.10.egg-info' (and everything under it)
[0.767s] Copying ../../build/vsc/vsc.egg-info to /home/oppa-ai/AGi-ROS/install/vsc/lib/python3.10/site-packages/vsc-0.0.1-py3.10.egg-info
[0.767s] running install_scripts
[0.778s] Installing heartbeat_node script to /home/oppa-ai/AGi-ROS/install/vsc/lib/vsc
[0.778s] writing list of installed files to '/home/oppa-ai/AGi-ROS/build/vsc/install.log'
[0.790s] Invoked command in '/home/oppa-ai/AGi-ROS/src/vsc' returned '0': PYTHONPATH=/home/oppa-ai/AGi-ROS/build/vsc/prefix_override:/usr/lib/python3/dist-packages/colcon_core/task/python/colcon_distutils_commands:/home/oppa-ai/AGi-ROS/install/vsc/lib/python3.10/site-packages:${PYTHONPATH} /usr/bin/python3 -W ignore:setup.py install is deprecated -W ignore:easy_install command is deprecated setup.py egg_info --egg-base ../../build/vsc build --build-base /home/oppa-ai/AGi-ROS/build/vsc/build install --record /home/oppa-ai/AGi-ROS/build/vsc/install.log --single-version-externally-managed install_data
